<?xml version="1.0" encoding="UTF-8"?>
<testsuite xmlns:xsi="http://www.w3.org/2001/XMLSchema-instance" xsi:noNamespaceSchemaLocation="https://maven.apache.org/surefire/maven-surefire-plugin/xsd/surefire-test-report.xsd" version="3.0.2" name="com.booking.BookingApplicationTests" time="26.792" tests="1" errors="0" skipped="0" failures="0">
  <properties>
    <property name="java.specification.version" value="17"/>
    <property name="sun.cpu.isalist" value="amd64"/>
    <property name="sun.jnu.encoding" value="Cp1251"/>
    <property name="java.class.path" value="F:\GitHub\Java\bookingservice\target\test-classes;F:\GitHub\Java\bookingservice\target\classes;C:\Users\Dmitriy99\.m2\repository\org\springframework\boot\spring-boot-starter-data-jpa\3.4.2\spring-boot-starter-data-jpa-3.4.2.jar;C:\Users\Dmitriy99\.m2\repository\org\springframework\boot\spring-boot-starter\3.4.2\spring-boot-starter-3.4.2.jar;C:\Users\Dmitriy99\.m2\repository\org\springframework\boot\spring-boot-starter-logging\3.4.2\spring-boot-starter-logging-3.4.2.jar;C:\Users\Dmitriy99\.m2\repository\ch\qos\logback\logback-classic\1.5.16\logback-classic-1.5.16.jar;C:\Users\Dmitriy99\.m2\repository\ch\qos\logback\logback-core\1.5.16\logback-core-1.5.16.jar;C:\Users\Dmitriy99\.m2\repository\org\apache\logging\log4j\log4j-to-slf4j\2.24.3\log4j-to-slf4j-2.24.3.jar;C:\Users\Dmitriy99\.m2\repository\org\apache\logging\log4j\log4j-api\2.24.3\log4j-api-2.24.3.jar;C:\Users\Dmitriy99\.m2\repository\org\slf4j\jul-to-slf4j\2.0.16\jul-to-slf4j-2.0.16.jar;C:\Users\Dmitriy99\.m2\repository\jakarta\annotation\jakarta.annotation-api\2.1.1\jakarta.annotation-api-2.1.1.jar;C:\Users\Dmitriy99\.m2\repository\org\springframework\boot\spring-boot-starter-jdbc\3.4.2\spring-boot-starter-jdbc-3.4.2.jar;C:\Users\Dmitriy99\.m2\repository\com\zaxxer\HikariCP\5.1.0\HikariCP-5.1.0.jar;C:\Users\Dmitriy99\.m2\repository\org\springframework\spring-jdbc\6.2.2\spring-jdbc-6.2.2.jar;C:\Users\Dmitriy99\.m2\repository\org\hibernate\orm\hibernate-core\6.6.5.Final\hibernate-core-6.6.5.Final.jar;C:\Users\Dmitriy99\.m2\repository\jakarta\persistence\jakarta.persistence-api\3.1.0\jakarta.persistence-api-3.1.0.jar;C:\Users\Dmitriy99\.m2\repository\jakarta\transaction\jakarta.transaction-api\2.0.1\jakarta.transaction-api-2.0.1.jar;C:\Users\Dmitriy99\.m2\repository\org\jboss\logging\jboss-logging\3.6.1.Final\jboss-logging-3.6.1.Final.jar;C:\Users\Dmitriy99\.m2\repository\org\hibernate\common\hibernate-commons-annotations\7.0.3.Final\hibernate-commons-annotations-7.0.3.Final.jar;C:\Users\Dmitriy99\.m2\repository\io\smallrye\jandex\3.2.0\jandex-3.2.0.jar;C:\Users\Dmitriy99\.m2\repository\com\fasterxml\classmate\1.7.0\classmate-1.7.0.jar;C:\Users\Dmitriy99\.m2\repository\net\bytebuddy\byte-buddy\1.15.11\byte-buddy-1.15.11.jar;C:\Users\Dmitriy99\.m2\repository\org\glassfish\jaxb\jaxb-runtime\4.0.5\jaxb-runtime-4.0.5.jar;C:\Users\Dmitriy99\.m2\repository\org\glassfish\jaxb\jaxb-core\4.0.5\jaxb-core-4.0.5.jar;C:\Users\Dmitriy99\.m2\repository\org\eclipse\angus\angus-activation\2.0.2\angus-activation-2.0.2.jar;C:\Users\Dmitriy99\.m2\repository\org\glassfish\jaxb\txw2\4.0.5\txw2-4.0.5.jar;C:\Users\Dmitriy99\.m2\repository\com\sun\istack\istack-commons-runtime\4.1.2\istack-commons-runtime-4.1.2.jar;C:\Users\Dmitriy99\.m2\repository\jakarta\inject\jakarta.inject-api\2.0.1\jakarta.inject-api-2.0.1.jar;C:\Users\Dmitriy99\.m2\repository\org\antlr\antlr4-runtime\4.13.0\antlr4-runtime-4.13.0.jar;C:\Users\Dmitriy99\.m2\repository\org\springframework\data\spring-data-jpa\3.4.2\spring-data-jpa-3.4.2.jar;C:\Users\Dmitriy99\.m2\repository\org\springframework\data\spring-data-commons\3.4.2\spring-data-commons-3.4.2.jar;C:\Users\Dmitriy99\.m2\repository\org\springframework\spring-orm\6.2.2\spring-orm-6.2.2.jar;C:\Users\Dmitriy99\.m2\repository\org\springframework\spring-context\6.2.2\spring-context-6.2.2.jar;C:\Users\Dmitriy99\.m2\repository\org\springframework\spring-aop\6.2.2\spring-aop-6.2.2.jar;C:\Users\Dmitriy99\.m2\repository\org\springframework\spring-tx\6.2.2\spring-tx-6.2.2.jar;C:\Users\Dmitriy99\.m2\repository\org\springframework\spring-beans\6.2.2\spring-beans-6.2.2.jar;C:\Users\Dmitriy99\.m2\repository\org\slf4j\slf4j-api\2.0.16\slf4j-api-2.0.16.jar;C:\Users\Dmitriy99\.m2\repository\org\springframework\spring-aspects\6.2.2\spring-aspects-6.2.2.jar;C:\Users\Dmitriy99\.m2\repository\org\aspectj\aspectjweaver\1.9.22.1\aspectjweaver-1.9.22.1.jar;C:\Users\Dmitriy99\.m2\repository\org\springframework\boot\spring-boot-starter-web\3.4.2\spring-boot-starter-web-3.4.2.jar;C:\Users\Dmitriy99\.m2\repository\org\springframework\boot\spring-boot-starter-json\3.4.2\spring-boot-starter-json-3.4.2.jar;C:\Users\Dmitriy99\.m2\repository\com\fasterxml\jackson\datatype\jackson-datatype-jdk8\2.18.2\jackson-datatype-jdk8-2.18.2.jar;C:\Users\Dmitriy99\.m2\repository\com\fasterxml\jackson\datatype\jackson-datatype-jsr310\2.18.2\jackson-datatype-jsr310-2.18.2.jar;C:\Users\Dmitriy99\.m2\repository\com\fasterxml\jackson\module\jackson-module-parameter-names\2.18.2\jackson-module-parameter-names-2.18.2.jar;C:\Users\Dmitriy99\.m2\repository\org\springframework\boot\spring-boot-starter-tomcat\3.4.2\spring-boot-starter-tomcat-3.4.2.jar;C:\Users\Dmitriy99\.m2\repository\org\apache\tomcat\embed\tomcat-embed-core\10.1.34\tomcat-embed-core-10.1.34.jar;C:\Users\Dmitriy99\.m2\repository\org\apache\tomcat\embed\tomcat-embed-el\10.1.34\tomcat-embed-el-10.1.34.jar;C:\Users\Dmitriy99\.m2\repository\org\apache\tomcat\embed\tomcat-embed-websocket\10.1.34\tomcat-embed-websocket-10.1.34.jar;C:\Users\Dmitriy99\.m2\repository\org\springframework\spring-web\6.2.2\spring-web-6.2.2.jar;C:\Users\Dmitriy99\.m2\repository\org\springframework\spring-webmvc\6.2.2\spring-webmvc-6.2.2.jar;C:\Users\Dmitriy99\.m2\repository\org\springframework\spring-expression\6.2.2\spring-expression-6.2.2.jar;C:\Users\Dmitriy99\.m2\repository\org\springframework\boot\spring-boot-starter-actuator\3.4.2\spring-boot-starter-actuator-3.4.2.jar;C:\Users\Dmitriy99\.m2\repository\org\springframework\boot\spring-boot-actuator-autoconfigure\3.4.2\spring-boot-actuator-autoconfigure-3.4.2.jar;C:\Users\Dmitriy99\.m2\repository\org\springframework\boot\spring-boot-actuator\3.4.2\spring-boot-actuator-3.4.2.jar;C:\Users\Dmitriy99\.m2\repository\io\micrometer\micrometer-observation\1.14.3\micrometer-observation-1.14.3.jar;C:\Users\Dmitriy99\.m2\repository\io\micrometer\micrometer-commons\1.14.3\micrometer-commons-1.14.3.jar;C:\Users\Dmitriy99\.m2\repository\io\micrometer\micrometer-jakarta9\1.14.3\micrometer-jakarta9-1.14.3.jar;C:\Users\Dmitriy99\.m2\repository\io\micrometer\micrometer-core\1.14.3\micrometer-core-1.14.3.jar;C:\Users\Dmitriy99\.m2\repository\org\hdrhistogram\HdrHistogram\2.2.2\HdrHistogram-2.2.2.jar;C:\Users\Dmitriy99\.m2\repository\org\latencyutils\LatencyUtils\2.0.3\LatencyUtils-2.0.3.jar;C:\Users\Dmitriy99\.m2\repository\org\liquibase\liquibase-core\4.29.2\liquibase-core-4.29.2.jar;C:\Users\Dmitriy99\.m2\repository\com\opencsv\opencsv\5.9\opencsv-5.9.jar;C:\Users\Dmitriy99\.m2\repository\org\yaml\snakeyaml\2.3\snakeyaml-2.3.jar;C:\Users\Dmitriy99\.m2\repository\javax\xml\bind\jaxb-api\2.3.1\jaxb-api-2.3.1.jar;C:\Users\Dmitriy99\.m2\repository\commons-io\commons-io\2.16.1\commons-io-2.16.1.jar;C:\Users\Dmitriy99\.m2\repository\org\apache\commons\commons-collections4\4.4\commons-collections4-4.4.jar;C:\Users\Dmitriy99\.m2\repository\org\apache\commons\commons-text\1.12.0\commons-text-1.12.0.jar;C:\Users\Dmitriy99\.m2\repository\org\apache\commons\commons-lang3\3.17.0\commons-lang3-3.17.0.jar;C:\Users\Dmitriy99\.m2\repository\org\springframework\boot\spring-boot-devtools\3.4.2\spring-boot-devtools-3.4.2.jar;C:\Users\Dmitriy99\.m2\repository\org\springframework\boot\spring-boot\3.4.2\spring-boot-3.4.2.jar;C:\Users\Dmitriy99\.m2\repository\org\springframework\boot\spring-boot-autoconfigure\3.4.2\spring-boot-autoconfigure-3.4.2.jar;C:\Users\Dmitriy99\.m2\repository\org\springdoc\springdoc-openapi-starter-webmvc-ui\2.3.0\springdoc-openapi-starter-webmvc-ui-2.3.0.jar;C:\Users\Dmitriy99\.m2\repository\org\springdoc\springdoc-openapi-starter-webmvc-api\2.3.0\springdoc-openapi-starter-webmvc-api-2.3.0.jar;C:\Users\Dmitriy99\.m2\repository\org\springdoc\springdoc-openapi-starter-common\2.3.0\springdoc-openapi-starter-common-2.3.0.jar;C:\Users\Dmitriy99\.m2\repository\io\swagger\core\v3\swagger-core-jakarta\2.2.19\swagger-core-jakarta-2.2.19.jar;C:\Users\Dmitriy99\.m2\repository\io\swagger\core\v3\swagger-annotations-jakarta\2.2.19\swagger-annotations-jakarta-2.2.19.jar;C:\Users\Dmitriy99\.m2\repository\io\swagger\core\v3\swagger-models-jakarta\2.2.19\swagger-models-jakarta-2.2.19.jar;C:\Users\Dmitriy99\.m2\repository\com\fasterxml\jackson\dataformat\jackson-dataformat-yaml\2.18.2\jackson-dataformat-yaml-2.18.2.jar;C:\Users\Dmitriy99\.m2\repository\org\webjars\swagger-ui\5.10.3\swagger-ui-5.10.3.jar;C:\Users\Dmitriy99\.m2\repository\org\openapitools\jackson-databind-nullable\0.2.1\jackson-databind-nullable-0.2.1.jar;C:\Users\Dmitriy99\.m2\repository\com\fasterxml\jackson\core\jackson-databind\2.18.2\jackson-databind-2.18.2.jar;C:\Users\Dmitriy99\.m2\repository\com\fasterxml\jackson\core\jackson-annotations\2.18.2\jackson-annotations-2.18.2.jar;C:\Users\Dmitriy99\.m2\repository\com\fasterxml\jackson\core\jackson-core\2.18.2\jackson-core-2.18.2.jar;C:\Users\Dmitriy99\.m2\repository\org\postgresql\postgresql\42.7.5\postgresql-42.7.5.jar;C:\Users\Dmitriy99\.m2\repository\org\checkerframework\checker-qual\3.48.3\checker-qual-3.48.3.jar;C:\Users\Dmitriy99\.m2\repository\com\h2database\h2\2.3.232\h2-2.3.232.jar;C:\Users\Dmitriy99\.m2\repository\org\projectlombok\lombok\1.18.36\lombok-1.18.36.jar;C:\Users\Dmitriy99\.m2\repository\org\springframework\boot\spring-boot-starter-test\3.4.2\spring-boot-starter-test-3.4.2.jar;C:\Users\Dmitriy99\.m2\repository\org\springframework\boot\spring-boot-test\3.4.2\spring-boot-test-3.4.2.jar;C:\Users\Dmitriy99\.m2\repository\org\springframework\boot\spring-boot-test-autoconfigure\3.4.2\spring-boot-test-autoconfigure-3.4.2.jar;C:\Users\Dmitriy99\.m2\repository\com\jayway\jsonpath\json-path\2.9.0\json-path-2.9.0.jar;C:\Users\Dmitriy99\.m2\repository\jakarta\xml\bind\jakarta.xml.bind-api\4.0.2\jakarta.xml.bind-api-4.0.2.jar;C:\Users\Dmitriy99\.m2\repository\jakarta\activation\jakarta.activation-api\2.1.3\jakarta.activation-api-2.1.3.jar;C:\Users\Dmitriy99\.m2\repository\net\minidev\json-smart\2.5.1\json-smart-2.5.1.jar;C:\Users\Dmitriy99\.m2\repository\net\minidev\accessors-smart\2.5.1\accessors-smart-2.5.1.jar;C:\Users\Dmitriy99\.m2\repository\org\ow2\asm\asm\9.6\asm-9.6.jar;C:\Users\Dmitriy99\.m2\repository\org\assertj\assertj-core\3.26.3\assertj-core-3.26.3.jar;C:\Users\Dmitriy99\.m2\repository\org\awaitility\awaitility\4.2.2\awaitility-4.2.2.jar;C:\Users\Dmitriy99\.m2\repository\org\hamcrest\hamcrest\2.2\hamcrest-2.2.jar;C:\Users\Dmitriy99\.m2\repository\org\junit\jupiter\junit-jupiter\5.11.4\junit-jupiter-5.11.4.jar;C:\Users\Dmitriy99\.m2\repository\org\junit\jupiter\junit-jupiter-api\5.11.4\junit-jupiter-api-5.11.4.jar;C:\Users\Dmitriy99\.m2\repository\org\opentest4j\opentest4j\1.3.0\opentest4j-1.3.0.jar;C:\Users\Dmitriy99\.m2\repository\org\junit\platform\junit-platform-commons\1.11.4\junit-platform-commons-1.11.4.jar;C:\Users\Dmitriy99\.m2\repository\org\apiguardian\apiguardian-api\1.1.2\apiguardian-api-1.1.2.jar;C:\Users\Dmitriy99\.m2\repository\org\junit\jupiter\junit-jupiter-params\5.11.4\junit-jupiter-params-5.11.4.jar;C:\Users\Dmitriy99\.m2\repository\org\junit\jupiter\junit-jupiter-engine\5.11.4\junit-jupiter-engine-5.11.4.jar;C:\Users\Dmitriy99\.m2\repository\org\junit\platform\junit-platform-engine\1.11.4\junit-platform-engine-1.11.4.jar;C:\Users\Dmitriy99\.m2\repository\org\mockito\mockito-core\5.14.2\mockito-core-5.14.2.jar;C:\Users\Dmitriy99\.m2\repository\net\bytebuddy\byte-buddy-agent\1.15.11\byte-buddy-agent-1.15.11.jar;C:\Users\Dmitriy99\.m2\repository\org\objenesis\objenesis\3.3\objenesis-3.3.jar;C:\Users\Dmitriy99\.m2\repository\org\mockito\mockito-junit-jupiter\5.14.2\mockito-junit-jupiter-5.14.2.jar;C:\Users\Dmitriy99\.m2\repository\org\skyscreamer\jsonassert\1.5.3\jsonassert-1.5.3.jar;C:\Users\Dmitriy99\.m2\repository\com\vaadin\external\google\android-json\0.0.20131108.vaadin1\android-json-0.0.20131108.vaadin1.jar;C:\Users\Dmitriy99\.m2\repository\org\springframework\spring-core\6.2.2\spring-core-6.2.2.jar;C:\Users\Dmitriy99\.m2\repository\org\springframework\spring-jcl\6.2.2\spring-jcl-6.2.2.jar;C:\Users\Dmitriy99\.m2\repository\org\springframework\spring-test\6.2.2\spring-test-6.2.2.jar;C:\Users\Dmitriy99\.m2\repository\org\xmlunit\xmlunit-core\2.10.0\xmlunit-core-2.10.0.jar;C:\Users\Dmitriy99\.m2\repository\org\mapstruct\mapstruct\1.6.3\mapstruct-1.6.3.jar;C:\Users\Dmitriy99\.m2\repository\org\mapstruct\mapstruct-processor\1.6.3\mapstruct-processor-1.6.3.jar;C:\Users\Dmitriy99\.m2\repository\io\swagger\swagger-annotations\1.6.11\swagger-annotations-1.6.11.jar;C:\Users\Dmitriy99\.m2\repository\jakarta\validation\jakarta.validation-api\3.1.1\jakarta.validation-api-3.1.1.jar;C:\Users\Dmitriy99\.m2\repository\org\testcontainers\postgresql\1.17.3\postgresql-1.17.3.jar;C:\Users\Dmitriy99\.m2\repository\org\testcontainers\jdbc\1.20.4\jdbc-1.20.4.jar;C:\Users\Dmitriy99\.m2\repository\org\testcontainers\database-commons\1.20.4\database-commons-1.20.4.jar;C:\Users\Dmitriy99\.m2\repository\org\testcontainers\testcontainers\1.20.4\testcontainers-1.20.4.jar;C:\Users\Dmitriy99\.m2\repository\junit\junit\4.13.2\junit-4.13.2.jar;C:\Users\Dmitriy99\.m2\repository\org\hamcrest\hamcrest-core\2.2\hamcrest-core-2.2.jar;C:\Users\Dmitriy99\.m2\repository\org\apache\commons\commons-compress\1.24.0\commons-compress-1.24.0.jar;C:\Users\Dmitriy99\.m2\repository\org\rnorth\duct-tape\duct-tape\1.0.8\duct-tape-1.0.8.jar;C:\Users\Dmitriy99\.m2\repository\org\jetbrains\annotations\17.0.0\annotations-17.0.0.jar;C:\Users\Dmitriy99\.m2\repository\com\github\docker-java\docker-java-api\3.4.0\docker-java-api-3.4.0.jar;C:\Users\Dmitriy99\.m2\repository\com\github\docker-java\docker-java-transport-zerodep\3.4.0\docker-java-transport-zerodep-3.4.0.jar;C:\Users\Dmitriy99\.m2\repository\com\github\docker-java\docker-java-transport\3.4.0\docker-java-transport-3.4.0.jar;C:\Users\Dmitriy99\.m2\repository\net\java\dev\jna\jna\5.13.0\jna-5.13.0.jar;C:\Users\Dmitriy99\.m2\repository\org\sonarsource\java\sonar-java-plugin\8.9.0.37768\sonar-java-plugin-8.9.0.37768.jar;C:\Users\Dmitriy99\.m2\repository\org\sonarsource\java\java-surefire\8.9.0.37768\java-surefire-8.9.0.37768.jar;C:\Users\Dmitriy99\.m2\repository\com\fasterxml\staxmate\staxmate\2.4.1\staxmate-2.4.1.jar;C:\Users\Dmitriy99\.m2\repository\org\codehaus\woodstox\stax2-api\4.2.1\stax2-api-4.2.1.jar;C:\Users\Dmitriy99\.m2\repository\org\sonarsource\java\java-frontend\8.9.0.37768\java-frontend-8.9.0.37768.jar;C:\Users\Dmitriy99\.m2\repository\org\sonarsource\java\jdt-package\1.3.0.89\jdt-package-1.3.0.89.jar;C:\Users\Dmitriy99\.m2\repository\org\sonarsource\sslr\sslr-core\1.24.0.633\sslr-core-1.24.0.633.jar;C:\Users\Dmitriy99\.m2\repository\org\sonarsource\analyzer-commons\sonar-regex-parsing\2.14.0.3087\sonar-regex-parsing-2.14.0.3087.jar;C:\Users\Dmitriy99\.m2\repository\org\sonarsource\java\java-checks\8.9.0.37768\java-checks-8.9.0.37768.jar;C:\Users\Dmitriy99\.m2\repository\org\sonarsource\java\java-checks-common\8.9.0.37768\java-checks-common-8.9.0.37768.jar;C:\Users\Dmitriy99\.m2\repository\org\sonarsource\analyzer-commons\sonar-analyzer-recognizers\2.14.0.3087\sonar-analyzer-recognizers-2.14.0.3087.jar;C:\Users\Dmitriy99\.m2\repository\org\sonarsource\java\java-checks-aws\8.9.0.37768\java-checks-aws-8.9.0.37768.jar;C:\Users\Dmitriy99\.m2\repository\org\sonarsource\java\check-list\8.9.0.37768\check-list-8.9.0.37768.jar;C:\Users\Dmitriy99\.m2\repository\com\google\code\gson\gson\2.11.0\gson-2.11.0.jar;C:\Users\Dmitriy99\.m2\repository\com\google\errorprone\error_prone_annotations\2.27.0\error_prone_annotations-2.27.0.jar;C:\Users\Dmitriy99\.m2\repository\org\sonarsource\java\external-reports\8.9.0.37768\external-reports-8.9.0.37768.jar;C:\Users\Dmitriy99\.m2\repository\org\sonarsource\java\java-jsp\8.9.0.37768\java-jsp-8.9.0.37768.jar;C:\Users\Dmitriy99\.m2\repository\org\apache\tomcat\embed\tomcat-embed-jasper\10.1.34\tomcat-embed-jasper-10.1.34.jar;C:\Users\Dmitriy99\.m2\repository\org\sonarsource\analyzer-commons\sonar-analyzer-commons\2.14.0.3087\sonar-analyzer-commons-2.14.0.3087.jar;C:\Users\Dmitriy99\.m2\repository\org\sonarsource\analyzer-commons\sonar-xml-parsing\2.14.0.3087\sonar-xml-parsing-2.14.0.3087.jar;C:\Users\Dmitriy99\.m2\repository\com\google\code\findbugs\jsr305\3.0.2\jsr305-3.0.2.jar;C:\Users\Dmitriy99\.m2\repository\xerces\xercesImpl\2.12.2\xercesImpl-2.12.2.jar;C:\Users\Dmitriy99\.m2\repository\xml-apis\xml-apis\1.4.01\xml-apis-1.4.01.jar;C:\Users\Dmitriy99\.m2\repository\com\fasterxml\woodstox\woodstox-core\6.4.0\woodstox-core-6.4.0.jar;C:\Users\Dmitriy99\.m2\repository\org\sonarsource\analyzer-commons\sonar-performance-measure\2.14.0.3087\sonar-performance-measure-2.14.0.3087.jar;"/>
    <property name="java.vm.vendor" value="Oracle Corporation"/>
    <property name="sun.arch.data.model" value="64"/>
    <property name="user.variant" value=""/>
    <property name="java.vendor.url" value="https://java.oracle.com/"/>
    <property name="user.timezone" value="Europe/Moscow"/>
    <property name="org.jboss.logging.provider" value="slf4j"/>
    <property name="os.name" value="Windows 10"/>
    <property name="java.vm.specification.version" value="17"/>
    <property name="APPLICATION_NAME" value="booking"/>
    <property name="sun.java.launcher" value="SUN_STANDARD"/>
    <property name="user.country" value="RU"/>
    <property name="sun.boot.library.path" value="C:\Program Files\Java\jdk-17.0.5\bin"/>
    <property name="sun.java.command" value="C:\Users\Dmitriy99\AppData\Local\Temp\surefire13120951887409641295\surefirebooter-20250216180232706_3.jar C:\Users\Dmitriy99\AppData\Local\Temp\surefire13120951887409641295 2025-02-16T18-02-32_481-jvmRun1 surefire-20250216180232706_1tmp surefire_0-20250216180232706_2tmp"/>
    <property name="jdk.debug" value="release"/>
    <property name="surefire.test.class.path" value="F:\GitHub\Java\bookingservice\target\test-classes;F:\GitHub\Java\bookingservice\target\classes;C:\Users\Dmitriy99\.m2\repository\org\springframework\boot\spring-boot-starter-data-jpa\3.4.2\spring-boot-starter-data-jpa-3.4.2.jar;C:\Users\Dmitriy99\.m2\repository\org\springframework\boot\spring-boot-starter\3.4.2\spring-boot-starter-3.4.2.jar;C:\Users\Dmitriy99\.m2\repository\org\springframework\boot\spring-boot-starter-logging\3.4.2\spring-boot-starter-logging-3.4.2.jar;C:\Users\Dmitriy99\.m2\repository\ch\qos\logback\logback-classic\1.5.16\logback-classic-1.5.16.jar;C:\Users\Dmitriy99\.m2\repository\ch\qos\logback\logback-core\1.5.16\logback-core-1.5.16.jar;C:\Users\Dmitriy99\.m2\repository\org\apache\logging\log4j\log4j-to-slf4j\2.24.3\log4j-to-slf4j-2.24.3.jar;C:\Users\Dmitriy99\.m2\repository\org\apache\logging\log4j\log4j-api\2.24.3\log4j-api-2.24.3.jar;C:\Users\Dmitriy99\.m2\repository\org\slf4j\jul-to-slf4j\2.0.16\jul-to-slf4j-2.0.16.jar;C:\Users\Dmitriy99\.m2\repository\jakarta\annotation\jakarta.annotation-api\2.1.1\jakarta.annotation-api-2.1.1.jar;C:\Users\Dmitriy99\.m2\repository\org\springframework\boot\spring-boot-starter-jdbc\3.4.2\spring-boot-starter-jdbc-3.4.2.jar;C:\Users\Dmitriy99\.m2\repository\com\zaxxer\HikariCP\5.1.0\HikariCP-5.1.0.jar;C:\Users\Dmitriy99\.m2\repository\org\springframework\spring-jdbc\6.2.2\spring-jdbc-6.2.2.jar;C:\Users\Dmitriy99\.m2\repository\org\hibernate\orm\hibernate-core\6.6.5.Final\hibernate-core-6.6.5.Final.jar;C:\Users\Dmitriy99\.m2\repository\jakarta\persistence\jakarta.persistence-api\3.1.0\jakarta.persistence-api-3.1.0.jar;C:\Users\Dmitriy99\.m2\repository\jakarta\transaction\jakarta.transaction-api\2.0.1\jakarta.transaction-api-2.0.1.jar;C:\Users\Dmitriy99\.m2\repository\org\jboss\logging\jboss-logging\3.6.1.Final\jboss-logging-3.6.1.Final.jar;C:\Users\Dmitriy99\.m2\repository\org\hibernate\common\hibernate-commons-annotations\7.0.3.Final\hibernate-commons-annotations-7.0.3.Final.jar;C:\Users\Dmitriy99\.m2\repository\io\smallrye\jandex\3.2.0\jandex-3.2.0.jar;C:\Users\Dmitriy99\.m2\repository\com\fasterxml\classmate\1.7.0\classmate-1.7.0.jar;C:\Users\Dmitriy99\.m2\repository\net\bytebuddy\byte-buddy\1.15.11\byte-buddy-1.15.11.jar;C:\Users\Dmitriy99\.m2\repository\org\glassfish\jaxb\jaxb-runtime\4.0.5\jaxb-runtime-4.0.5.jar;C:\Users\Dmitriy99\.m2\repository\org\glassfish\jaxb\jaxb-core\4.0.5\jaxb-core-4.0.5.jar;C:\Users\Dmitriy99\.m2\repository\org\eclipse\angus\angus-activation\2.0.2\angus-activation-2.0.2.jar;C:\Users\Dmitriy99\.m2\repository\org\glassfish\jaxb\txw2\4.0.5\txw2-4.0.5.jar;C:\Users\Dmitriy99\.m2\repository\com\sun\istack\istack-commons-runtime\4.1.2\istack-commons-runtime-4.1.2.jar;C:\Users\Dmitriy99\.m2\repository\jakarta\inject\jakarta.inject-api\2.0.1\jakarta.inject-api-2.0.1.jar;C:\Users\Dmitriy99\.m2\repository\org\antlr\antlr4-runtime\4.13.0\antlr4-runtime-4.13.0.jar;C:\Users\Dmitriy99\.m2\repository\org\springframework\data\spring-data-jpa\3.4.2\spring-data-jpa-3.4.2.jar;C:\Users\Dmitriy99\.m2\repository\org\springframework\data\spring-data-commons\3.4.2\spring-data-commons-3.4.2.jar;C:\Users\Dmitriy99\.m2\repository\org\springframework\spring-orm\6.2.2\spring-orm-6.2.2.jar;C:\Users\Dmitriy99\.m2\repository\org\springframework\spring-context\6.2.2\spring-context-6.2.2.jar;C:\Users\Dmitriy99\.m2\repository\org\springframework\spring-aop\6.2.2\spring-aop-6.2.2.jar;C:\Users\Dmitriy99\.m2\repository\org\springframework\spring-tx\6.2.2\spring-tx-6.2.2.jar;C:\Users\Dmitriy99\.m2\repository\org\springframework\spring-beans\6.2.2\spring-beans-6.2.2.jar;C:\Users\Dmitriy99\.m2\repository\org\slf4j\slf4j-api\2.0.16\slf4j-api-2.0.16.jar;C:\Users\Dmitriy99\.m2\repository\org\springframework\spring-aspects\6.2.2\spring-aspects-6.2.2.jar;C:\Users\Dmitriy99\.m2\repository\org\aspectj\aspectjweaver\1.9.22.1\aspectjweaver-1.9.22.1.jar;C:\Users\Dmitriy99\.m2\repository\org\springframework\boot\spring-boot-starter-web\3.4.2\spring-boot-starter-web-3.4.2.jar;C:\Users\Dmitriy99\.m2\repository\org\springframework\boot\spring-boot-starter-json\3.4.2\spring-boot-starter-json-3.4.2.jar;C:\Users\Dmitriy99\.m2\repository\com\fasterxml\jackson\datatype\jackson-datatype-jdk8\2.18.2\jackson-datatype-jdk8-2.18.2.jar;C:\Users\Dmitriy99\.m2\repository\com\fasterxml\jackson\datatype\jackson-datatype-jsr310\2.18.2\jackson-datatype-jsr310-2.18.2.jar;C:\Users\Dmitriy99\.m2\repository\com\fasterxml\jackson\module\jackson-module-parameter-names\2.18.2\jackson-module-parameter-names-2.18.2.jar;C:\Users\Dmitriy99\.m2\repository\org\springframework\boot\spring-boot-starter-tomcat\3.4.2\spring-boot-starter-tomcat-3.4.2.jar;C:\Users\Dmitriy99\.m2\repository\org\apache\tomcat\embed\tomcat-embed-core\10.1.34\tomcat-embed-core-10.1.34.jar;C:\Users\Dmitriy99\.m2\repository\org\apache\tomcat\embed\tomcat-embed-el\10.1.34\tomcat-embed-el-10.1.34.jar;C:\Users\Dmitriy99\.m2\repository\org\apache\tomcat\embed\tomcat-embed-websocket\10.1.34\tomcat-embed-websocket-10.1.34.jar;C:\Users\Dmitriy99\.m2\repository\org\springframework\spring-web\6.2.2\spring-web-6.2.2.jar;C:\Users\Dmitriy99\.m2\repository\org\springframework\spring-webmvc\6.2.2\spring-webmvc-6.2.2.jar;C:\Users\Dmitriy99\.m2\repository\org\springframework\spring-expression\6.2.2\spring-expression-6.2.2.jar;C:\Users\Dmitriy99\.m2\repository\org\springframework\boot\spring-boot-starter-actuator\3.4.2\spring-boot-starter-actuator-3.4.2.jar;C:\Users\Dmitriy99\.m2\repository\org\springframework\boot\spring-boot-actuator-autoconfigure\3.4.2\spring-boot-actuator-autoconfigure-3.4.2.jar;C:\Users\Dmitriy99\.m2\repository\org\springframework\boot\spring-boot-actuator\3.4.2\spring-boot-actuator-3.4.2.jar;C:\Users\Dmitriy99\.m2\repository\io\micrometer\micrometer-observation\1.14.3\micrometer-observation-1.14.3.jar;C:\Users\Dmitriy99\.m2\repository\io\micrometer\micrometer-commons\1.14.3\micrometer-commons-1.14.3.jar;C:\Users\Dmitriy99\.m2\repository\io\micrometer\micrometer-jakarta9\1.14.3\micrometer-jakarta9-1.14.3.jar;C:\Users\Dmitriy99\.m2\repository\io\micrometer\micrometer-core\1.14.3\micrometer-core-1.14.3.jar;C:\Users\Dmitriy99\.m2\repository\org\hdrhistogram\HdrHistogram\2.2.2\HdrHistogram-2.2.2.jar;C:\Users\Dmitriy99\.m2\repository\org\latencyutils\LatencyUtils\2.0.3\LatencyUtils-2.0.3.jar;C:\Users\Dmitriy99\.m2\repository\org\liquibase\liquibase-core\4.29.2\liquibase-core-4.29.2.jar;C:\Users\Dmitriy99\.m2\repository\com\opencsv\opencsv\5.9\opencsv-5.9.jar;C:\Users\Dmitriy99\.m2\repository\org\yaml\snakeyaml\2.3\snakeyaml-2.3.jar;C:\Users\Dmitriy99\.m2\repository\javax\xml\bind\jaxb-api\2.3.1\jaxb-api-2.3.1.jar;C:\Users\Dmitriy99\.m2\repository\commons-io\commons-io\2.16.1\commons-io-2.16.1.jar;C:\Users\Dmitriy99\.m2\repository\org\apache\commons\commons-collections4\4.4\commons-collections4-4.4.jar;C:\Users\Dmitriy99\.m2\repository\org\apache\commons\commons-text\1.12.0\commons-text-1.12.0.jar;C:\Users\Dmitriy99\.m2\repository\org\apache\commons\commons-lang3\3.17.0\commons-lang3-3.17.0.jar;C:\Users\Dmitriy99\.m2\repository\org\springframework\boot\spring-boot-devtools\3.4.2\spring-boot-devtools-3.4.2.jar;C:\Users\Dmitriy99\.m2\repository\org\springframework\boot\spring-boot\3.4.2\spring-boot-3.4.2.jar;C:\Users\Dmitriy99\.m2\repository\org\springframework\boot\spring-boot-autoconfigure\3.4.2\spring-boot-autoconfigure-3.4.2.jar;C:\Users\Dmitriy99\.m2\repository\org\springdoc\springdoc-openapi-starter-webmvc-ui\2.3.0\springdoc-openapi-starter-webmvc-ui-2.3.0.jar;C:\Users\Dmitriy99\.m2\repository\org\springdoc\springdoc-openapi-starter-webmvc-api\2.3.0\springdoc-openapi-starter-webmvc-api-2.3.0.jar;C:\Users\Dmitriy99\.m2\repository\org\springdoc\springdoc-openapi-starter-common\2.3.0\springdoc-openapi-starter-common-2.3.0.jar;C:\Users\Dmitriy99\.m2\repository\io\swagger\core\v3\swagger-core-jakarta\2.2.19\swagger-core-jakarta-2.2.19.jar;C:\Users\Dmitriy99\.m2\repository\io\swagger\core\v3\swagger-annotations-jakarta\2.2.19\swagger-annotations-jakarta-2.2.19.jar;C:\Users\Dmitriy99\.m2\repository\io\swagger\core\v3\swagger-models-jakarta\2.2.19\swagger-models-jakarta-2.2.19.jar;C:\Users\Dmitriy99\.m2\repository\com\fasterxml\jackson\dataformat\jackson-dataformat-yaml\2.18.2\jackson-dataformat-yaml-2.18.2.jar;C:\Users\Dmitriy99\.m2\repository\org\webjars\swagger-ui\5.10.3\swagger-ui-5.10.3.jar;C:\Users\Dmitriy99\.m2\repository\org\openapitools\jackson-databind-nullable\0.2.1\jackson-databind-nullable-0.2.1.jar;C:\Users\Dmitriy99\.m2\repository\com\fasterxml\jackson\core\jackson-databind\2.18.2\jackson-databind-2.18.2.jar;C:\Users\Dmitriy99\.m2\repository\com\fasterxml\jackson\core\jackson-annotations\2.18.2\jackson-annotations-2.18.2.jar;C:\Users\Dmitriy99\.m2\repository\com\fasterxml\jackson\core\jackson-core\2.18.2\jackson-core-2.18.2.jar;C:\Users\Dmitriy99\.m2\repository\org\postgresql\postgresql\42.7.5\postgresql-42.7.5.jar;C:\Users\Dmitriy99\.m2\repository\org\checkerframework\checker-qual\3.48.3\checker-qual-3.48.3.jar;C:\Users\Dmitriy99\.m2\repository\com\h2database\h2\2.3.232\h2-2.3.232.jar;C:\Users\Dmitriy99\.m2\repository\org\projectlombok\lombok\1.18.36\lombok-1.18.36.jar;C:\Users\Dmitriy99\.m2\repository\org\springframework\boot\spring-boot-starter-test\3.4.2\spring-boot-starter-test-3.4.2.jar;C:\Users\Dmitriy99\.m2\repository\org\springframework\boot\spring-boot-test\3.4.2\spring-boot-test-3.4.2.jar;C:\Users\Dmitriy99\.m2\repository\org\springframework\boot\spring-boot-test-autoconfigure\3.4.2\spring-boot-test-autoconfigure-3.4.2.jar;C:\Users\Dmitriy99\.m2\repository\com\jayway\jsonpath\json-path\2.9.0\json-path-2.9.0.jar;C:\Users\Dmitriy99\.m2\repository\jakarta\xml\bind\jakarta.xml.bind-api\4.0.2\jakarta.xml.bind-api-4.0.2.jar;C:\Users\Dmitriy99\.m2\repository\jakarta\activation\jakarta.activation-api\2.1.3\jakarta.activation-api-2.1.3.jar;C:\Users\Dmitriy99\.m2\repository\net\minidev\json-smart\2.5.1\json-smart-2.5.1.jar;C:\Users\Dmitriy99\.m2\repository\net\minidev\accessors-smart\2.5.1\accessors-smart-2.5.1.jar;C:\Users\Dmitriy99\.m2\repository\org\ow2\asm\asm\9.6\asm-9.6.jar;C:\Users\Dmitriy99\.m2\repository\org\assertj\assertj-core\3.26.3\assertj-core-3.26.3.jar;C:\Users\Dmitriy99\.m2\repository\org\awaitility\awaitility\4.2.2\awaitility-4.2.2.jar;C:\Users\Dmitriy99\.m2\repository\org\hamcrest\hamcrest\2.2\hamcrest-2.2.jar;C:\Users\Dmitriy99\.m2\repository\org\junit\jupiter\junit-jupiter\5.11.4\junit-jupiter-5.11.4.jar;C:\Users\Dmitriy99\.m2\repository\org\junit\jupiter\junit-jupiter-api\5.11.4\junit-jupiter-api-5.11.4.jar;C:\Users\Dmitriy99\.m2\repository\org\opentest4j\opentest4j\1.3.0\opentest4j-1.3.0.jar;C:\Users\Dmitriy99\.m2\repository\org\junit\platform\junit-platform-commons\1.11.4\junit-platform-commons-1.11.4.jar;C:\Users\Dmitriy99\.m2\repository\org\apiguardian\apiguardian-api\1.1.2\apiguardian-api-1.1.2.jar;C:\Users\Dmitriy99\.m2\repository\org\junit\jupiter\junit-jupiter-params\5.11.4\junit-jupiter-params-5.11.4.jar;C:\Users\Dmitriy99\.m2\repository\org\junit\jupiter\junit-jupiter-engine\5.11.4\junit-jupiter-engine-5.11.4.jar;C:\Users\Dmitriy99\.m2\repository\org\junit\platform\junit-platform-engine\1.11.4\junit-platform-engine-1.11.4.jar;C:\Users\Dmitriy99\.m2\repository\org\mockito\mockito-core\5.14.2\mockito-core-5.14.2.jar;C:\Users\Dmitriy99\.m2\repository\net\bytebuddy\byte-buddy-agent\1.15.11\byte-buddy-agent-1.15.11.jar;C:\Users\Dmitriy99\.m2\repository\org\objenesis\objenesis\3.3\objenesis-3.3.jar;C:\Users\Dmitriy99\.m2\repository\org\mockito\mockito-junit-jupiter\5.14.2\mockito-junit-jupiter-5.14.2.jar;C:\Users\Dmitriy99\.m2\repository\org\skyscreamer\jsonassert\1.5.3\jsonassert-1.5.3.jar;C:\Users\Dmitriy99\.m2\repository\com\vaadin\external\google\android-json\0.0.20131108.vaadin1\android-json-0.0.20131108.vaadin1.jar;C:\Users\Dmitriy99\.m2\repository\org\springframework\spring-core\6.2.2\spring-core-6.2.2.jar;C:\Users\Dmitriy99\.m2\repository\org\springframework\spring-jcl\6.2.2\spring-jcl-6.2.2.jar;C:\Users\Dmitriy99\.m2\repository\org\springframework\spring-test\6.2.2\spring-test-6.2.2.jar;C:\Users\Dmitriy99\.m2\repository\org\xmlunit\xmlunit-core\2.10.0\xmlunit-core-2.10.0.jar;C:\Users\Dmitriy99\.m2\repository\org\mapstruct\mapstruct\1.6.3\mapstruct-1.6.3.jar;C:\Users\Dmitriy99\.m2\repository\org\mapstruct\mapstruct-processor\1.6.3\mapstruct-processor-1.6.3.jar;C:\Users\Dmitriy99\.m2\repository\io\swagger\swagger-annotations\1.6.11\swagger-annotations-1.6.11.jar;C:\Users\Dmitriy99\.m2\repository\jakarta\validation\jakarta.validation-api\3.1.1\jakarta.validation-api-3.1.1.jar;C:\Users\Dmitriy99\.m2\repository\org\testcontainers\postgresql\1.17.3\postgresql-1.17.3.jar;C:\Users\Dmitriy99\.m2\repository\org\testcontainers\jdbc\1.20.4\jdbc-1.20.4.jar;C:\Users\Dmitriy99\.m2\repository\org\testcontainers\database-commons\1.20.4\database-commons-1.20.4.jar;C:\Users\Dmitriy99\.m2\repository\org\testcontainers\testcontainers\1.20.4\testcontainers-1.20.4.jar;C:\Users\Dmitriy99\.m2\repository\junit\junit\4.13.2\junit-4.13.2.jar;C:\Users\Dmitriy99\.m2\repository\org\hamcrest\hamcrest-core\2.2\hamcrest-core-2.2.jar;C:\Users\Dmitriy99\.m2\repository\org\apache\commons\commons-compress\1.24.0\commons-compress-1.24.0.jar;C:\Users\Dmitriy99\.m2\repository\org\rnorth\duct-tape\duct-tape\1.0.8\duct-tape-1.0.8.jar;C:\Users\Dmitriy99\.m2\repository\org\jetbrains\annotations\17.0.0\annotations-17.0.0.jar;C:\Users\Dmitriy99\.m2\repository\com\github\docker-java\docker-java-api\3.4.0\docker-java-api-3.4.0.jar;C:\Users\Dmitriy99\.m2\repository\com\github\docker-java\docker-java-transport-zerodep\3.4.0\docker-java-transport-zerodep-3.4.0.jar;C:\Users\Dmitriy99\.m2\repository\com\github\docker-java\docker-java-transport\3.4.0\docker-java-transport-3.4.0.jar;C:\Users\Dmitriy99\.m2\repository\net\java\dev\jna\jna\5.13.0\jna-5.13.0.jar;C:\Users\Dmitriy99\.m2\repository\org\sonarsource\java\sonar-java-plugin\8.9.0.37768\sonar-java-plugin-8.9.0.37768.jar;C:\Users\Dmitriy99\.m2\repository\org\sonarsource\java\java-surefire\8.9.0.37768\java-surefire-8.9.0.37768.jar;C:\Users\Dmitriy99\.m2\repository\com\fasterxml\staxmate\staxmate\2.4.1\staxmate-2.4.1.jar;C:\Users\Dmitriy99\.m2\repository\org\codehaus\woodstox\stax2-api\4.2.1\stax2-api-4.2.1.jar;C:\Users\Dmitriy99\.m2\repository\org\sonarsource\java\java-frontend\8.9.0.37768\java-frontend-8.9.0.37768.jar;C:\Users\Dmitriy99\.m2\repository\org\sonarsource\java\jdt-package\1.3.0.89\jdt-package-1.3.0.89.jar;C:\Users\Dmitriy99\.m2\repository\org\sonarsource\sslr\sslr-core\1.24.0.633\sslr-core-1.24.0.633.jar;C:\Users\Dmitriy99\.m2\repository\org\sonarsource\analyzer-commons\sonar-regex-parsing\2.14.0.3087\sonar-regex-parsing-2.14.0.3087.jar;C:\Users\Dmitriy99\.m2\repository\org\sonarsource\java\java-checks\8.9.0.37768\java-checks-8.9.0.37768.jar;C:\Users\Dmitriy99\.m2\repository\org\sonarsource\java\java-checks-common\8.9.0.37768\java-checks-common-8.9.0.37768.jar;C:\Users\Dmitriy99\.m2\repository\org\sonarsource\analyzer-commons\sonar-analyzer-recognizers\2.14.0.3087\sonar-analyzer-recognizers-2.14.0.3087.jar;C:\Users\Dmitriy99\.m2\repository\org\sonarsource\java\java-checks-aws\8.9.0.37768\java-checks-aws-8.9.0.37768.jar;C:\Users\Dmitriy99\.m2\repository\org\sonarsource\java\check-list\8.9.0.37768\check-list-8.9.0.37768.jar;C:\Users\Dmitriy99\.m2\repository\com\google\code\gson\gson\2.11.0\gson-2.11.0.jar;C:\Users\Dmitriy99\.m2\repository\com\google\errorprone\error_prone_annotations\2.27.0\error_prone_annotations-2.27.0.jar;C:\Users\Dmitriy99\.m2\repository\org\sonarsource\java\external-reports\8.9.0.37768\external-reports-8.9.0.37768.jar;C:\Users\Dmitriy99\.m2\repository\org\sonarsource\java\java-jsp\8.9.0.37768\java-jsp-8.9.0.37768.jar;C:\Users\Dmitriy99\.m2\repository\org\apache\tomcat\embed\tomcat-embed-jasper\10.1.34\tomcat-embed-jasper-10.1.34.jar;C:\Users\Dmitriy99\.m2\repository\org\sonarsource\analyzer-commons\sonar-analyzer-commons\2.14.0.3087\sonar-analyzer-commons-2.14.0.3087.jar;C:\Users\Dmitriy99\.m2\repository\org\sonarsource\analyzer-commons\sonar-xml-parsing\2.14.0.3087\sonar-xml-parsing-2.14.0.3087.jar;C:\Users\Dmitriy99\.m2\repository\com\google\code\findbugs\jsr305\3.0.2\jsr305-3.0.2.jar;C:\Users\Dmitriy99\.m2\repository\xerces\xercesImpl\2.12.2\xercesImpl-2.12.2.jar;C:\Users\Dmitriy99\.m2\repository\xml-apis\xml-apis\1.4.01\xml-apis-1.4.01.jar;C:\Users\Dmitriy99\.m2\repository\com\fasterxml\woodstox\woodstox-core\6.4.0\woodstox-core-6.4.0.jar;C:\Users\Dmitriy99\.m2\repository\org\sonarsource\analyzer-commons\sonar-performance-measure\2.14.0.3087\sonar-performance-measure-2.14.0.3087.jar;"/>
    <property name="sun.cpu.endian" value="little"/>
    <property name="user.home" value="C:\Users\Dmitriy99"/>
    <property name="user.language" value="ru"/>
    <property name="java.specification.vendor" value="Oracle Corporation"/>
    <property name="java.version.date" value="2022-10-18"/>
    <property name="java.home" value="C:\Program Files\Java\jdk-17.0.5"/>
    <property name="file.separator" value="\"/>
    <property name="basedir" value="F:\GitHub\Java\bookingservice"/>
    <property name="java.vm.compressedOopsMode" value="Zero based"/>
    <property name="line.separator" value="&#10;"/>
    <property name="java.vm.specification.vendor" value="Oracle Corporation"/>
    <property name="java.specification.name" value="Java Platform API Specification"/>
    <property name="FILE_LOG_CHARSET" value="windows-1251"/>
    <property name="java.awt.headless" value="true"/>
    <property name="surefire.real.class.path" value="C:\Users\Dmitriy99\AppData\Local\Temp\surefire13120951887409641295\surefirebooter-20250216180232706_3.jar"/>
    <property name="user.script" value=""/>
    <property name="sun.management.compiler" value="HotSpot 64-Bit Tiered Compilers"/>
    <property name="java.runtime.version" value="17.0.5+9-LTS-191"/>
    <property name="user.name" value="Dmitriy99"/>
    <property name="path.separator" value=";"/>
    <property name="os.version" value="10.0"/>
    <property name="java.runtime.name" value="Java(TM) SE Runtime Environment"/>
    <property name="file.encoding" value="Cp1251"/>
    <property name="java.vm.name" value="Java HotSpot(TM) 64-Bit Server VM"/>
    <property name="localRepository" value="C:\Users\Dmitriy99\.m2\repository"/>
    <property name="java.vendor.url.bug" value="https://bugreport.java.com/bugreport/"/>
    <property name="java.io.tmpdir" value="C:\Users\DMITRI~1\AppData\Local\Temp\"/>
    <property name="com.zaxxer.hikari.pool_number" value="1"/>
    <property name="java.version" value="17.0.5"/>
    <property name="user.dir" value="F:\GitHub\Java\bookingservice"/>
    <property name="os.arch" value="amd64"/>
    <property name="java.vm.specification.name" value="Java Virtual Machine Specification"/>
    <property name="PID" value="12012"/>
    <property name="sun.os.patch.level" value=""/>
    <property name="CONSOLE_LOG_CHARSET" value="windows-1251"/>
    <property name="native.encoding" value="Cp1251"/>
    <property name="java.library.path" value="C:\Program Files\Java\jdk-17.0.5\bin;C:\WINDOWS\Sun\Java\bin;C:\WINDOWS\system32;C:\WINDOWS;C:\Program Files\Common Files\Oracle\Java\javapath;C:\Program Files (x86)\Common Files\Oracle\Java\java8path;C:\Program Files (x86)\Common Files\Oracle\Java\javapath;C:\WINDOWS\system32;C:\WINDOWS;C:\WINDOWS\System32\Wbem;C:\WINDOWS\System32\WindowsPowerShell\v1.0\;C:\WINDOWS\System32\OpenSSH\;C:\Program Files\Microsoft SQL Server\150\Tools\Binn\;C:\Program Files\Microsoft SQL Server\Client SDK\ODBC\170\Tools\Binn\;C:\Program Files\dotnet\;C:\Program Files\Git\cmd;C:\Program Files\nodejs\;C:\Program Files (x86)\NVIDIA Corporation\PhysX\Common;C:\Program Files\NVIDIA Corporation\NVIDIA NvDLISR;C:\Program Files (x86)\Avest\AvPCM_nces;C:\Program Files\apache-maven-3.9.9\apache-maven\src\bin;C:\Program Files\Docker\Docker\resources\bin;%JAVA_HOME%\bin;C:\Users\Dmitriy99\AppData\Local\Microsoft\WindowsApps;C:\Users\Dmitriy99\AppData\Local\Programs\Microsoft VS Code\bin;C:\Program Files (x86)\php-8.3;C:\Users\Dmitriy99\.dotnet\tools;C:\Users\Dmitriy99\AppData\Local\Microsoft\WinGet\Packages\Schniz.fnm_Microsoft.Winget.Source_8wekyb3d8bbwe;C:\Users\Dmitriy99\AppData\Roaming\npm;C:\Program Files\apache-maven-3.9.9\bin;C:\Program Files\JetBrains\IntelliJ IDEA 2024.3.2.2\bin;;C:\Program Files\Java\jdk-17.0.5\bin;;."/>
    <property name="java.vm.info" value="mixed mode, sharing"/>
    <property name="java.vendor" value="Oracle Corporation"/>
    <property name="java.vm.version" value="17.0.5+9-LTS-191"/>
    <property name="sun.io.unicode.encoding" value="UnicodeLittle"/>
    <property name="java.class.version" value="61.0"/>
    <property name="LOGGED_APPLICATION_NAME" value="[booking] "/>
  </properties>
  <testcase name="contextLoads" classname="com.booking.BookingApplicationTests" time="1.176">
    <system-out><![CDATA[18:02:34.697 [main] INFO org.springframework.test.context.support.AnnotationConfigContextLoaderUtils -- Could not detect default configuration classes for test class [com.booking.BookingApplicationTests]: BookingApplicationTests does not declare any static, non-private, non-final, nested classes annotated with @Configuration.
18:02:35.008 [main] INFO org.springframework.boot.test.context.SpringBootTestContextBootstrapper -- Found @SpringBootConfiguration com.booking.BookingApplication for test class com.booking.BookingApplicationTests
18:02:35.560 [main] INFO org.springframework.boot.devtools.restart.RestartApplicationListener -- Restart disabled due to context in which it is running

  .   ____          _            __ _ _
 /\\ / ___'_ __ _ _(_)_ __  __ _ \ \ \ \
( ( )\___ | '_ | '_| | '_ \/ _` | \ \ \ \
 \\/  ___)| |_)| | | | | || (_| |  ) ) ) )
  '  |____| .__|_| |_|_| |_\__, | / / / /
 =========|_|==============|___/=/_/_/_/

 :: Spring Boot ::                (v3.4.2)

2025-02-16T18:02:37.079+03:00  INFO 12012 --- [booking] [           main] com.booking.BookingApplicationTests      : Starting BookingApplicationTests using Java 17.0.5 with PID 12012 (started by Dmitriy99 in F:\GitHub\Java\bookingservice)
2025-02-16T18:02:37.082+03:00  INFO 12012 --- [booking] [           main] com.booking.BookingApplicationTests      : The following 1 profile is active: "H2"
2025-02-16T18:02:40.303+03:00  INFO 12012 --- [booking] [           main] .s.d.r.c.RepositoryConfigurationDelegate : Bootstrapping Spring Data JPA repositories in DEFAULT mode.
2025-02-16T18:02:40.871+03:00  INFO 12012 --- [booking] [           main] .s.d.r.c.RepositoryConfigurationDelegate : Finished Spring Data repository scanning in 497 ms. Found 7 JPA repository interfaces.
2025-02-16T18:02:47.353+03:00  INFO 12012 --- [booking] [           main] com.zaxxer.hikari.HikariDataSource       : HikariPool-1 - Starting...
2025-02-16T18:02:48.094+03:00  INFO 12012 --- [booking] [           main] com.zaxxer.hikari.pool.HikariPool        : HikariPool-1 - Added connection conn0: url=jdbc:h2:mem:testdb user=SA
2025-02-16T18:02:48.097+03:00  INFO 12012 --- [booking] [           main] com.zaxxer.hikari.HikariDataSource       : HikariPool-1 - Start completed.
2025-02-16T18:02:48.326+03:00  INFO 12012 --- [booking] [           main] liquibase.database                       : Set default schema name to PUBLIC
2025-02-16T18:02:49.733+03:00  INFO 12012 --- [booking] [           main] liquibase.changelog                      : Creating database history table with name: PUBLIC.DATABASECHANGELOG
2025-02-16T18:02:49.993+03:00  INFO 12012 --- [booking] [           main] liquibase.changelog                      : Reading from PUBLIC.DATABASECHANGELOG
2025-02-16T18:02:50.300+03:00  INFO 12012 --- [booking] [           main] liquibase.lockservice                    : Successfully acquired change log lock
2025-02-16T18:02:50.303+03:00  INFO 12012 --- [booking] [           main] liquibase.command                        : Using deploymentId: 9718170302
2025-02-16T18:02:50.307+03:00  INFO 12012 --- [booking] [           main] liquibase.changelog                      : Reading from PUBLIC.DATABASECHANGELOG
2025-02-16T18:02:50.500+03:00  INFO 12012 --- [booking] [           main] liquibase.ui                             : Running Changeset: db/changelog/changeset/0001-create-sequences.yaml::0001-create-sequences::DimSelyutin
2025-02-16T18:02:50.517+03:00  INFO 12012 --- [booking] [           main] liquibase.changelog                      : Sequence hotel_sequence created
2025-02-16T18:02:50.520+03:00  INFO 12012 --- [booking] [           main] liquibase.changelog                      : Sequence address_sequence created
2025-02-16T18:02:50.523+03:00  INFO 12012 --- [booking] [           main] liquibase.changelog                      : Sequence street_sequence created
2025-02-16T18:02:50.524+03:00  INFO 12012 --- [booking] [           main] liquibase.changelog                      : Sequence city_sequence created
2025-02-16T18:02:50.530+03:00  INFO 12012 --- [booking] [           main] liquibase.changelog                      : Sequence country_sequence created
2025-02-16T18:02:50.536+03:00  INFO 12012 --- [booking] [           main] liquibase.changelog                      : Sequence contact_sequence created
2025-02-16T18:02:50.538+03:00  INFO 12012 --- [booking] [           main] liquibase.changelog                      : Sequence arrival_sequence created
2025-02-16T18:02:50.538+03:00  INFO 12012 --- [booking] [           main] liquibase.changelog                      : Sequence amenities_sequence created
2025-02-16T18:02:50.539+03:00  INFO 12012 --- [booking] [           main] liquibase.changelog                      : ChangeSet db/changelog/changeset/0001-create-sequences.yaml::0001-create-sequences::DimSelyutin ran successfully in 37ms
2025-02-16T18:02:50.582+03:00  INFO 12012 --- [booking] [           main] liquibase.ui                             : Running Changeset: db/changelog/changeset/001-create-hotels-table.yaml::001-create-hotels-table::DimSelyutin
2025-02-16T18:02:50.613+03:00  INFO 12012 --- [booking] [           main] liquibase.changelog                      : Table hotels created
2025-02-16T18:02:50.614+03:00  INFO 12012 --- [booking] [           main] liquibase.changelog                      : ChangeSet db/changelog/changeset/001-create-hotels-table.yaml::001-create-hotels-table::DimSelyutin ran successfully in 31ms
2025-02-16T18:02:50.634+03:00  INFO 12012 --- [booking] [           main] liquibase.ui                             : Running Changeset: db/changelog/changeset/002-create-countries-table.yaml::002-create-countries-table::DimSelyutin
2025-02-16T18:02:50.645+03:00  INFO 12012 --- [booking] [           main] liquibase.changelog                      : Table countries created
2025-02-16T18:02:50.647+03:00  INFO 12012 --- [booking] [           main] liquibase.changelog                      : ChangeSet db/changelog/changeset/002-create-countries-table.yaml::002-create-countries-table::DimSelyutin ran successfully in 11ms
2025-02-16T18:02:50.655+03:00  INFO 12012 --- [booking] [           main] liquibase.ui                             : Running Changeset: db/changelog/changeset/003-create-cities-table.yaml::003-create-cities-table::DimSelyutin
2025-02-16T18:02:50.670+03:00  INFO 12012 --- [booking] [           main] liquibase.changelog                      : Table cities created
2025-02-16T18:02:50.672+03:00  INFO 12012 --- [booking] [           main] liquibase.changelog                      : ChangeSet db/changelog/changeset/003-create-cities-table.yaml::003-create-cities-table::DimSelyutin ran successfully in 16ms
2025-02-16T18:02:50.689+03:00  INFO 12012 --- [booking] [           main] liquibase.ui                             : Running Changeset: db/changelog/changeset/004-create-streets-table.yaml::004-create-streets-table::DimSelyutin
2025-02-16T18:02:50.702+03:00  INFO 12012 --- [booking] [           main] liquibase.changelog                      : Table streets created
2025-02-16T18:02:50.702+03:00  INFO 12012 --- [booking] [           main] liquibase.changelog                      : ChangeSet db/changelog/changeset/004-create-streets-table.yaml::004-create-streets-table::DimSelyutin ran successfully in 11ms
2025-02-16T18:02:50.706+03:00  INFO 12012 --- [booking] [           main] liquibase.ui                             : Running Changeset: db/changelog/changeset/005-create-addresses-table.yaml::005-create-addresses-table::DimSelyutin
2025-02-16T18:02:50.717+03:00  INFO 12012 --- [booking] [           main] liquibase.changelog                      : Table addresses created
2025-02-16T18:02:50.718+03:00  INFO 12012 --- [booking] [           main] liquibase.changelog                      : ChangeSet db/changelog/changeset/005-create-addresses-table.yaml::005-create-addresses-table::DimSelyutin ran successfully in 11ms
2025-02-16T18:02:50.725+03:00  INFO 12012 --- [booking] [           main] liquibase.ui                             : Running Changeset: db/changelog/changeset/006-create-contacts-table.yaml::003-create-contacts-table::DimSelyutin
2025-02-16T18:02:50.732+03:00  INFO 12012 --- [booking] [           main] liquibase.changelog                      : Table contacts created
2025-02-16T18:02:50.733+03:00  INFO 12012 --- [booking] [           main] liquibase.changelog                      : ChangeSet db/changelog/changeset/006-create-contacts-table.yaml::003-create-contacts-table::DimSelyutin ran successfully in 8ms
2025-02-16T18:02:50.765+03:00  INFO 12012 --- [booking] [           main] liquibase.ui                             : Running Changeset: db/changelog/changeset/007-create-arrival_times-table.yaml::004-create-arrival_times-table::DimSelyutin
2025-02-16T18:02:50.770+03:00  INFO 12012 --- [booking] [           main] liquibase.changelog                      : Table arrival_times created
2025-02-16T18:02:50.771+03:00  INFO 12012 --- [booking] [           main] liquibase.changelog                      : ChangeSet db/changelog/changeset/007-create-arrival_times-table.yaml::004-create-arrival_times-table::DimSelyutin ran successfully in 4ms
2025-02-16T18:02:50.776+03:00  INFO 12012 --- [booking] [           main] liquibase.ui                             : Running Changeset: db/changelog/changeset/008-create-amenities-table.yaml::006-create-amenities-table::DimSelyutin
2025-02-16T18:02:50.786+03:00  INFO 12012 --- [booking] [           main] liquibase.changelog                      : Table amenities created
2025-02-16T18:02:50.787+03:00  INFO 12012 --- [booking] [           main] liquibase.changelog                      : ChangeSet db/changelog/changeset/008-create-amenities-table.yaml::006-create-amenities-table::DimSelyutin ran successfully in 11ms
2025-02-16T18:02:50.799+03:00  INFO 12012 --- [booking] [           main] liquibase.ui                             : Running Changeset: db/changelog/changeset/009-create-hotel-amenities-table.yaml::006-create-hotel-amenities-table::DimSelyutin
2025-02-16T18:02:50.803+03:00  INFO 12012 --- [booking] [           main] liquibase.changelog                      : Table hotel_amenities created
2025-02-16T18:02:50.804+03:00  INFO 12012 --- [booking] [           main] liquibase.changelog                      : ChangeSet db/changelog/changeset/009-create-hotel-amenities-table.yaml::006-create-hotel-amenities-table::DimSelyutin ran successfully in 5ms
2025-02-16T18:02:50.839+03:00  INFO 12012 --- [booking] [           main] liquibase.ui                             : Running Changeset: db/changelog/changeset/010-add-foreign-key-constraints.yaml::005-add-foreign-key-constraints::DimSelyutin
2025-02-16T18:02:50.860+03:00  INFO 12012 --- [booking] [           main] liquibase.changelog                      : Foreign key constraint added to cities (country_id)
2025-02-16T18:02:50.867+03:00  INFO 12012 --- [booking] [           main] liquibase.changelog                      : Foreign key constraint added to streets (city_id)
2025-02-16T18:02:50.872+03:00  INFO 12012 --- [booking] [           main] liquibase.changelog                      : Foreign key constraint added to addresses (street_id)
2025-02-16T18:02:50.883+03:00  INFO 12012 --- [booking] [           main] liquibase.changelog                      : Foreign key constraint added to hotels (address_id)
2025-02-16T18:02:50.887+03:00  INFO 12012 --- [booking] [           main] liquibase.changelog                      : Foreign key constraint added to hotels (contact_id)
2025-02-16T18:02:50.898+03:00  INFO 12012 --- [booking] [           main] liquibase.changelog                      : Foreign key constraint added to hotels (arrival_time_id)
2025-02-16T18:02:50.905+03:00  INFO 12012 --- [booking] [           main] liquibase.changelog                      : Foreign key constraint added to hotel_amenities (hotel_id)
2025-02-16T18:02:50.914+03:00  INFO 12012 --- [booking] [           main] liquibase.changelog                      : Foreign key constraint added to hotel_amenities (amenity_id)
2025-02-16T18:02:50.917+03:00  INFO 12012 --- [booking] [           main] liquibase.changelog                      : ChangeSet db/changelog/changeset/010-add-foreign-key-constraints.yaml::005-add-foreign-key-constraints::DimSelyutin ran successfully in 77ms
2025-02-16T18:02:50.944+03:00  INFO 12012 --- [booking] [           main] liquibase.util                           : UPDATE SUMMARY
2025-02-16T18:02:50.946+03:00  INFO 12012 --- [booking] [           main] liquibase.util                           : Run:                         11
2025-02-16T18:02:50.947+03:00  INFO 12012 --- [booking] [           main] liquibase.util                           : Previously run:               0
2025-02-16T18:02:50.947+03:00  INFO 12012 --- [booking] [           main] liquibase.util                           : Filtered out:                 0
2025-02-16T18:02:50.947+03:00  INFO 12012 --- [booking] [           main] liquibase.util                           : -------------------------------
2025-02-16T18:02:50.948+03:00  INFO 12012 --- [booking] [           main] liquibase.util                           : Total change sets:           11
2025-02-16T18:02:50.949+03:00  INFO 12012 --- [booking] [           main] liquibase.util                           : Update summary generated
2025-02-16T18:02:50.954+03:00  INFO 12012 --- [booking] [           main] liquibase.command                        : Update command completed successfully.
2025-02-16T18:02:50.955+03:00  INFO 12012 --- [booking] [           main] liquibase.ui                             : Liquibase: Update has been successful. Rows affected: 11
2025-02-16T18:02:50.958+03:00  INFO 12012 --- [booking] [           main] liquibase.lockservice                    : Successfully released change log lock
2025-02-16T18:02:50.961+03:00  INFO 12012 --- [booking] [           main] liquibase.command                        : Command execution complete
2025-02-16T18:02:51.391+03:00  INFO 12012 --- [booking] [           main] o.hibernate.jpa.internal.util.LogHelper  : HHH000204: Processing PersistenceUnitInfo [name: default]
2025-02-16T18:02:51.591+03:00  INFO 12012 --- [booking] [           main] org.hibernate.Version                    : HHH000412: Hibernate ORM core version 6.6.5.Final
2025-02-16T18:02:51.693+03:00  INFO 12012 --- [booking] [           main] o.h.c.internal.RegionFactoryInitiator    : HHH000026: Second-level cache disabled
2025-02-16T18:02:52.299+03:00  INFO 12012 --- [booking] [           main] o.s.o.j.p.SpringPersistenceUnitInfo      : No LoadTimeWeaver setup: ignoring JPA class transformer
2025-02-16T18:02:52.399+03:00  WARN 12012 --- [booking] [           main] org.hibernate.orm.deprecation            : HHH90000025: H2Dialect does not need to be specified explicitly using 'hibernate.dialect' (remove the property setting and it will be selected by default)
2025-02-16T18:02:52.431+03:00  INFO 12012 --- [booking] [           main] org.hibernate.orm.connections.pooling    : HHH10001005: Database info:
	Database JDBC URL [Connecting through datasource 'HikariDataSource (HikariPool-1)']
	Database driver: undefined/unknown
	Database version: 2.3.232
	Autocommit mode: undefined/unknown
	Isolation level: undefined/unknown
	Minimum pool size: undefined/unknown
	Maximum pool size: undefined/unknown
2025-02-16T18:02:54.207+03:00  INFO 12012 --- [booking] [           main] o.h.e.t.j.p.i.JtaPlatformInitiator       : HHH000489: No JTA platform available (set 'hibernate.transaction.jta.platform' to enable JTA platform integration)
2025-02-16T18:02:54.213+03:00  INFO 12012 --- [booking] [           main] j.LocalContainerEntityManagerFactoryBean : Initialized JPA EntityManagerFactory for persistence unit 'default'
2025-02-16T18:02:54.838+03:00  INFO 12012 --- [booking] [           main] o.s.d.j.r.query.QueryEnhancerFactory     : Hibernate is in classpath; If applicable, HQL parser will be used.
2025-02-16T18:02:57.248+03:00  WARN 12012 --- [booking] [           main] JpaBaseConfiguration$JpaWebConfiguration : spring.jpa.open-in-view is enabled by default. Therefore, database queries may be performed during view rendering. Explicitly configure spring.jpa.open-in-view to disable this warning
2025-02-16T18:02:57.375+03:00  INFO 12012 --- [booking] [           main] o.s.v.b.OptionalValidatorFactoryBean     : Failed to set up a Bean Validation provider: jakarta.validation.NoProviderFoundException: Unable to create a Configuration, because no Jakarta Validation provider could be found. Add a provider like Hibernate Validator (RI) to your classpath.
2025-02-16T18:02:59.452+03:00  INFO 12012 --- [booking] [           main] o.s.b.a.h2.H2ConsoleAutoConfiguration    : H2 console available at '/h2-console'. Database available at 'jdbc:h2:mem:testdb'
2025-02-16T18:02:59.544+03:00  INFO 12012 --- [booking] [           main] o.s.b.a.e.web.EndpointLinksResolver      : Exposing 2 endpoints beneath base path '/actuator'
2025-02-16T18:02:59.753+03:00  INFO 12012 --- [booking] [           main] com.booking.BookingApplicationTests      : Started BookingApplicationTests in 24.214 seconds (process running for 26.738)
]]></system-out>
  </testcase>
</testsuite>